<?xml version="1.0" encoding="UTF-8"?>
<!-- Generated by org.testng.reporters.JUnitReportReporter -->
<testsuite hostname="Haruns-MBP.lan1" failures="0" tests="1" name="com.testcases.AddEmployeePageTest" time="0.000" errors="0" timestamp="2020-01-25T22:39:18 CST" skipped="1">
  <testcase classname="com.testcases.AddEmployeePageTest" name="addMultipleEmpoyee" time="0.000">
    <skipped/>
  </testcase> <!-- addMultipleEmpoyee -->
</testsuite> <!-- com.testcases.AddEmployeePageTest -->
