<?xml version="1.0" encoding="UTF-8"?>
<!-- Generated by org.testng.reporters.JUnitReportReporter -->
<testsuite hostname="Haruns-MBP.lan1" failures="0" tests="2" name="com.testcases.LoginPageTest" time="51.999" errors="0" timestamp="2020-01-21T23:06:33 CST" skipped="0">
  <testcase classname="com.testcases.LoginPageTest" name="negativeLogin" time="42.767"/>
  <testcase classname="com.testcases.LoginPageTest" name="login" time="9.232"/>
</testsuite> <!-- com.testcases.LoginPageTest -->
