<?xml version="1.0" encoding="UTF-8"?>
<!-- Generated by org.testng.reporters.JUnitReportReporter -->
<testsuite hostname="Haruns-MacBook-Pro.local" failures="0" tests="1" name="com.practice.PropertyFileReading" time="0.046" errors="0" timestamp="2020-01-21T18:49:52 CST" skipped="0">
  <testcase classname="com.practice.PropertyFileReading" name="read" time="0.046"/>
</testsuite> <!-- com.practice.PropertyFileReading -->
