<?xml version="1.0" encoding="UTF-8"?>
<!-- Generated by org.testng.reporters.JUnitReportReporter -->
<testsuite hostname="Haruns-MBP.lan1" failures="0" tests="1" name="com.testcases.AddEmployeeTest" time="21.427" errors="0" timestamp="2020-01-19T20:49:30 CST" skipped="0">
  <testcase classname="com.testcases.AddEmployeeTest" name="addEmployeeValidation" time="21.427"/>
</testsuite> <!-- com.testcases.AddEmployeeTest -->
