<?xml version="1.0" encoding="UTF-8"?>
<!-- Generated by org.testng.reporters.JUnitReportReporter -->
<testsuite hostname="Haruns-MBP.lan1" failures="0" tests="1" name="com.practice.XLReading" time="3.029" errors="0" timestamp="2020-01-23T22:36:53 CST" skipped="0">
  <testcase classname="com.practice.XLReading" name="read" time="3.029"/>
</testsuite> <!-- com.practice.XLReading -->
